<?xml version="1.0" encoding="UTF-8"?>
<testsuite xmlns:xsi="http://www.w3.org/2001/XMLSchema-instance" xsi:noNamespaceSchemaLocation="https://maven.apache.org/surefire/maven-surefire-plugin/xsd/surefire-test-report.xsd" name="DummyTest3" time="0.019" tests="1" errors="0" skipped="0" failures="0">
  <properties>
    <property name="gopherProxySet" value="false"/>
    <property name="awt.toolkit" value="sun.lwawt.macosx.LWCToolkit"/>
    <property name="file.encoding.pkg" value="sun.io"/>
    <property name="java.specification.version" value="1.8"/>
    <property name="sun.cpu.isalist" value=""/>
    <property name="sun.jnu.encoding" value="UTF-8"/>
    <property name="java.class.path" value="/Users/ramiz/IdeaProjects/bestest-dummy-project/target/test-classes:/Users/ramiz/IdeaProjects/bestest-dummy-project/target/classes:/Users/ramiz/.m2/repository/junit/junit/4.13.2/junit-4.13.2.jar:/Users/ramiz/.m2/repository/org/hamcrest/hamcrest-core/1.3/hamcrest-core-1.3.jar:"/>
    <property name="java.vm.vendor" value="Azul Systems, Inc."/>
    <property name="sun.arch.data.model" value="64"/>
    <property name="java.vendor.url" value="http://www.azul.com/"/>
    <property name="user.timezone" value=""/>
    <property name="java.vm.specification.version" value="1.8"/>
    <property name="os.name" value="Mac OS X"/>
    <property name="user.country" value="TR"/>
    <property name="sun.java.launcher" value="SUN_STANDARD"/>
    <property name="sun.boot.library.path" value="/Users/ramiz/Library/Java/JavaVirtualMachines/azul-1.8.0_332/Contents/Home/jre/lib"/>
    <property name="sun.java.command" value="/Users/ramiz/IdeaProjects/bestest-dummy-project/target/surefire/surefirebooter1179063488467011955.jar /Users/ramiz/IdeaProjects/bestest-dummy-project/target/surefire 2022-05-20T12-42-44_041-jvmRun1 surefire4634438511725379071tmp surefire_0240946464187048346tmp"/>
    <property name="http.nonProxyHosts" value="local|*.local|169.254/16|*.169.254/16"/>
    <property name="surefire.test.class.path" value="/Users/ramiz/IdeaProjects/bestest-dummy-project/target/test-classes:/Users/ramiz/IdeaProjects/bestest-dummy-project/target/classes:/Users/ramiz/.m2/repository/junit/junit/4.13.2/junit-4.13.2.jar:/Users/ramiz/.m2/repository/org/hamcrest/hamcrest-core/1.3/hamcrest-core-1.3.jar:"/>
    <property name="sun.cpu.endian" value="little"/>
    <property name="user.home" value="/Users/ramiz"/>
    <property name="user.language" value="en"/>
    <property name="java.specification.vendor" value="Oracle Corporation"/>
    <property name="java.home" value="/Users/ramiz/Library/Java/JavaVirtualMachines/azul-1.8.0_332/Contents/Home/jre"/>
    <property name="basedir" value="/Users/ramiz/IdeaProjects/bestest-dummy-project"/>
    <property name="file.separator" value="/"/>
    <property name="line.separator" value="&#10;"/>
    <property name="jdk.vendor.version" value="Zulu 8.62.0.19-CA-macos-aarch64"/>
    <property name="java.vm.specification.vendor" value="Oracle Corporation"/>
    <property name="java.specification.name" value="Java Platform API Specification"/>
    <property name="java.awt.graphicsenv" value="sun.awt.CGraphicsEnvironment"/>
    <property name="surefire.real.class.path" value="/Users/ramiz/IdeaProjects/bestest-dummy-project/target/surefire/surefirebooter1179063488467011955.jar"/>
    <property name="sun.boot.class.path" value="/Users/ramiz/Library/Java/JavaVirtualMachines/azul-1.8.0_332/Contents/Home/jre/lib/resources.jar:/Users/ramiz/Library/Java/JavaVirtualMachines/azul-1.8.0_332/Contents/Home/jre/lib/rt.jar:/Users/ramiz/Library/Java/JavaVirtualMachines/azul-1.8.0_332/Contents/Home/jre/lib/sunrsasign.jar:/Users/ramiz/Library/Java/JavaVirtualMachines/azul-1.8.0_332/Contents/Home/jre/lib/jsse.jar:/Users/ramiz/Library/Java/JavaVirtualMachines/azul-1.8.0_332/Contents/Home/jre/lib/jce.jar:/Users/ramiz/Library/Java/JavaVirtualMachines/azul-1.8.0_332/Contents/Home/jre/lib/charsets.jar:/Users/ramiz/Library/Java/JavaVirtualMachines/azul-1.8.0_332/Contents/Home/jre/lib/jfr.jar:/Users/ramiz/Library/Java/JavaVirtualMachines/azul-1.8.0_332/Contents/Home/jre/lib/cat.jar:/Users/ramiz/Library/Java/JavaVirtualMachines/azul-1.8.0_332/Contents/Home/jre/classes"/>
    <property name="sun.management.compiler" value="HotSpot 64-Bit Tiered Compilers"/>
    <property name="ftp.nonProxyHosts" value="local|*.local|169.254/16|*.169.254/16"/>
    <property name="java.runtime.version" value="1.8.0_332-b09"/>
    <property name="user.name" value="ramiz"/>
    <property name="path.separator" value=":"/>
    <property name="os.version" value="12.3.1"/>
    <property name="java.endorsed.dirs" value="/Users/ramiz/Library/Java/JavaVirtualMachines/azul-1.8.0_332/Contents/Home/jre/lib/endorsed"/>
    <property name="java.runtime.name" value="OpenJDK Runtime Environment"/>
    <property name="file.encoding" value="UTF-8"/>
    <property name="java.vm.name" value="OpenJDK 64-Bit Server VM"/>
    <property name="localRepository" value="/Users/ramiz/.m2/repository"/>
    <property name="java.vendor.url.bug" value="http://www.azul.com/support/"/>
    <property name="java.io.tmpdir" value="/var/folders/65/6v6qnjdd0g17t_szy4k9pr9h0000gn/T/"/>
    <property name="idea.version" value="2022.1.1"/>
    <property name="java.version" value="1.8.0_332"/>
    <property name="user.dir" value="/Users/ramiz/IdeaProjects/bestest-dummy-project"/>
    <property name="os.arch" value="aarch64"/>
    <property name="java.vm.specification.name" value="Java Virtual Machine Specification"/>
    <property name="java.awt.printerjob" value="sun.lwawt.macosx.CPrinterJob"/>
    <property name="sun.os.patch.level" value="unknown"/>
    <property name="java.library.path" value="/Users/ramiz/Library/Java/Extensions:/Library/Java/Extensions:/Network/Library/Java/Extensions:/System/Library/Java/Extensions:/usr/lib/java:."/>
    <property name="java.vm.info" value="mixed mode"/>
    <property name="java.vendor" value="Azul Systems, Inc."/>
    <property name="java.vm.version" value="25.332-b09"/>
    <property name="java.ext.dirs" value="/Users/ramiz/Library/Java/Extensions:/Users/ramiz/Library/Java/JavaVirtualMachines/azul-1.8.0_332/Contents/Home/jre/lib/ext:/Library/Java/Extensions:/Network/Library/Java/Extensions:/System/Library/Java/Extensions:/usr/lib/java"/>
    <property name="sun.io.unicode.encoding" value="UnicodeBig"/>
    <property name="java.class.version" value="52.0"/>
    <property name="socksNonProxyHosts" value="local|*.local|169.254/16|*.169.254/16"/>
  </properties>
  <testcase name="ramizDummyTest" classname="DummyTest3" time="0.002"/>
</testsuite>